# JRE version: Java(TM) SE Runtime Environment (8.0_202-b08) (build 1.8.0_202-b08)
# Java VM: Java HotSpot(TM) 64-Bit Server VM (25.202-b08 mixed mode windows-amd64 compressed oops)
Heap:
 PSYoungGen      total 138240K, used 91990K [0x00000000d6400000, 0x00000000e5400000, 0x0000000100000000)
  eden space 129024K, 64% used [0x00000000d6400000,0x00000000db4dd948,0x00000000de200000)
  from space 9216K, 99% used [0x00000000de200000,0x00000000deaf8020,0x00000000deb00000)
  to   space 12288K, 0% used [0x00000000e4800000,0x00000000e4800000,0x00000000e5400000)
 ParOldGen       total 47104K, used 10581K [0x0000000082c00000, 0x0000000085a00000, 0x00000000d6400000)
  object space 47104K, 22% used [0x0000000082c00000,0x00000000836554f0,0x0000000085a00000)
 Metaspace       used 32180K, capacity 33652K, committed 33920K, reserved 1081344K
  class space    used 4395K, capacity 4706K, committed 4736K, reserved 1048576K
GC Heap History (10 events):
Event: 2.613 GC heap before
{Heap before GC invocations=4 (full 0):
 PSYoungGen      total 37888K, used 37876K [0x00000000d6400000, 0x00000000dae00000, 0x0000000100000000)
  eden space 32768K, 100% used [0x00000000d6400000,0x00000000d8400000,0x00000000d8400000)
  from space 5120K, 99% used [0x00000000d8400000,0x00000000d88fd258,0x00000000d8900000)
  to   space 5120K, 0% used [0x00000000da900000,0x00000000da900000,0x00000000dae00000)
 ParOldGen       total 86016K, used 3390K [0x0000000082c00000, 0x0000000088000000, 0x00000000d6400000)
  object space 86016K, 3% used [0x0000000082c00000,0x0000000082f4f900,0x0000000088000000)
 Metaspace       used 20286K, capacity 21036K, committed 21120K, reserved 1067008K
  class space    used 2683K, capacity 2876K, committed 2944K, reserved 1048576K
Event: 2.620 GC heap after
Heap after GC invocations=4 (full 0):
 PSYoungGen      total 70656K, used 5100K [0x00000000d6400000, 0x00000000dae00000, 0x0000000100000000)
  eden space 65536K, 0% used [0x00000000d6400000,0x00000000d6400000,0x00000000da400000)
  from space 5120K, 99% used [0x00000000da900000,0x00000000dadfb0b0,0x00000000dae00000)
  to   space 5120K, 0% used [0x00000000da400000,0x00000000da400000,0x00000000da900000)
 ParOldGen       total 86016K, used 6393K [0x0000000082c00000, 0x0000000088000000, 0x00000000d6400000)
  object space 86016K, 7% used [0x0000000082c00000,0x000000008323e720,0x0000000088000000)
 Metaspace       used 20286K, capacity 21036K, committed 21120K, reserved 1067008K
  class space    used 2683K, capacity 2876K, committed 2944K, reserved 1048576K
}
Event: 2.632 GC heap before
{Heap before GC invocations=5 (full 0):
 PSYoungGen      total 70656K, used 8099K [0x00000000d6400000, 0x00000000dae00000, 0x0000000100000000)
  eden space 65536K, 4% used [0x00000000d6400000,0x00000000d66edde8,0x00000000da400000)
  from space 5120K, 99% used [0x00000000da900000,0x00000000dadfb0b0,0x00000000dae00000)
  to   space 5120K, 0% used [0x00000000da400000,0x00000000da400000,0x00000000da900000)
 ParOldGen       total 86016K, used 6393K [0x0000000082c00000, 0x0000000088000000, 0x00000000d6400000)
  object space 86016K, 7% used [0x0000000082c00000,0x000000008323e720,0x0000000088000000)
 Metaspace       used 20552K, capacity 21260K, committed 21296K, reserved 1067008K
  class space    used 2705K, capacity 2908K, committed 2944K, reserved 1048576K
Event: 2.637 GC heap after
Heap after GC invocations=5 (full 0):
 PSYoungGen      total 70656K, used 5116K [0x00000000d6400000, 0x00000000df600000, 0x0000000100000000)
  eden space 65536K, 0% used [0x00000000d6400000,0x00000000d6400000,0x00000000da400000)
  from space 5120K, 99% used [0x00000000da400000,0x00000000da8ff0a0,0x00000000da900000)
  to   space 9216K, 0% used [0x00000000ded00000,0x00000000ded00000,0x00000000df600000)
 ParOldGen       total 86016K, used 6705K [0x0000000082c00000, 0x0000000088000000, 0x00000000d6400000)
  object space 86016K, 7% used [0x0000000082c00000,0x000000008328c728,0x0000000088000000)
 Metaspace       used 20552K, capacity 21260K, committed 21296K, reserved 1067008K
  class space    used 2705K, capacity 2908K, committed 2944K, reserved 1048576K
}
Event: 2.637 GC heap before
{Heap before GC invocations=6 (full 1):
 PSYoungGen      total 70656K, used 5116K [0x00000000d6400000, 0x00000000df600000, 0x0000000100000000)
  eden space 65536K, 0% used [0x00000000d6400000,0x00000000d6400000,0x00000000da400000)
  from space 5120K, 99% used [0x00000000da400000,0x00000000da8ff0a0,0x00000000da900000)
  to   space 9216K, 0% used [0x00000000ded00000,0x00000000ded00000,0x00000000df600000)
 ParOldGen       total 86016K, used 6705K [0x0000000082c00000, 0x0000000088000000, 0x00000000d6400000)
  object space 86016K, 7% used [0x0000000082c00000,0x000000008328c728,0x0000000088000000)
 Metaspace       used 20552K, capacity 21260K, committed 21296K, reserved 1067008K
  class space    used 2705K, capacity 2908K, committed 2944K, reserved 1048576K
Event: 2.665 GC heap after
Heap after GC invocations=6 (full 1):
 PSYoungGen      total 70656K, used 0K [0x00000000d6400000, 0x00000000df600000, 0x0000000100000000)
  eden space 65536K, 0% used [0x00000000d6400000,0x00000000d6400000,0x00000000da400000)
  from space 5120K, 0% used [0x00000000da400000,0x00000000da400000,0x00000000da900000)
  to   space 9216K, 0% used [0x00000000ded00000,0x00000000ded00000,0x00000000df600000)
 ParOldGen       total 47104K, used 6220K [0x0000000082c00000, 0x0000000085a00000, 0x00000000d6400000)
  object space 47104K, 13% used [0x0000000082c00000,0x0000000083213048,0x0000000085a00000)
 Metaspace       used 20550K, capacity 21254K, committed 21296K, reserved 1067008K
  class space    used 2705K, capacity 2907K, committed 2944K, reserved 1048576K
}
Event: 3.604 GC heap before
{Heap before GC invocations=7 (full 1):
 PSYoungGen      total 70656K, used 65536K [0x00000000d6400000, 0x00000000df600000, 0x0000000100000000)
  eden space 65536K, 100% used [0x00000000d6400000,0x00000000da400000,0x00000000da400000)
  from space 5120K, 0% used [0x00000000da400000,0x00000000da400000,0x00000000da900000)
  to   space 9216K, 0% used [0x00000000ded00000,0x00000000ded00000,0x00000000df600000)
 ParOldGen       total 47104K, used 6220K [0x0000000082c00000, 0x0000000085a00000, 0x00000000d6400000)
  object space 47104K, 13% used [0x0000000082c00000,0x0000000083213048,0x0000000085a00000)
 Metaspace       used 25340K, capacity 26278K, committed 26368K, reserved 1073152K
  class space    used 3363K, capacity 3575K, committed 3584K, reserved 1048576K
Event: 3.611 GC heap after
Heap after GC invocations=7 (full 1):
 PSYoungGen      total 128512K, used 6998K [0x00000000d6400000, 0x00000000df400000, 0x0000000100000000)
  eden space 121344K, 0% used [0x00000000d6400000,0x00000000d6400000,0x00000000dda80000)
  from space 7168K, 97% used [0x00000000ded00000,0x00000000df3d5b08,0x00000000df400000)
  to   space 9216K, 0% used [0x00000000de200000,0x00000000de200000,0x00000000deb00000)
 ParOldGen       total 47104K, used 6228K [0x0000000082c00000, 0x0000000085a00000, 0x00000000d6400000)
  object space 47104K, 13% used [0x0000000082c00000,0x0000000083215048,0x0000000085a00000)
 Metaspace       used 25340K, capacity 26278K, committed 26368K, reserved 1073152K
  class space    used 3363K, capacity 3575K, committed 3584K, reserved 1048576K
}
Event: 4.561 GC heap before
{Heap before GC invocations=8 (full 1):
 PSYoungGen      total 128512K, used 128342K [0x00000000d6400000, 0x00000000df400000, 0x0000000100000000)
  eden space 121344K, 100% used [0x00000000d6400000,0x00000000dda80000,0x00000000dda80000)
  from space 7168K, 97% used [0x00000000ded00000,0x00000000df3d5b08,0x00000000df400000)
  to   space 9216K, 0% used [0x00000000de200000,0x00000000de200000,0x00000000deb00000)
 ParOldGen       total 47104K, used 6228K [0x0000000082c00000, 0x0000000085a00000, 0x00000000d6400000)
  object space 47104K, 13% used [0x0000000082c00000,0x0000000083215048,0x0000000085a00000)
 Metaspace       used 28439K, capacity 29522K, committed 29696K, reserved 1075200K
  class space    used 3869K, capacity 4079K, committed 4096K, reserved 1048576K
Event: 4.573 GC heap after
Heap after GC invocations=8 (full 1):
 PSYoungGen      total 138240K, used 9184K [0x00000000d6400000, 0x00000000e5400000, 0x0000000100000000)
  eden space 129024K, 0% used [0x00000000d6400000,0x00000000d6400000,0x00000000de200000)
  from space 9216K, 99% used [0x00000000de200000,0x00000000deaf8020,0x00000000deb00000)
  to   space 12288K, 0% used [0x00000000e4800000,0x00000000e4800000,0x00000000e5400000)
 ParOldGen       total 47104K, used 10581K [0x0000000082c00000, 0x0000000085a00000, 0x00000000d6400000)
  object space 47104K, 22% used [0x0000000082c00000,0x00000000836554f0,0x0000000085a00000)
 Metaspace       used 28439K, capacity 29522K, committed 29696K, reserved 1075200K
  class space    used 3869K, capacity 4079K, committed 4096K, reserved 1048576K
}

