# JRE version: Java(TM) SE Runtime Environment (8.0_202-b08) (build 1.8.0_202-b08)
# Java VM: Java HotSpot(TM) 64-Bit Server VM (25.202-b08 mixed mode windows-amd64 compressed oops)
Heap:
 PSYoungGen      total 70656K, used 33688K [0x00000000d6400000, 0x00000000dae00000, 0x0000000100000000)
  eden space 65536K, 43% used [0x00000000d6400000,0x00000000d7fee060,0x00000000da400000)
  from space 5120K, 99% used [0x00000000da900000,0x00000000dadf8020,0x00000000dae00000)
  to   space 5120K, 0% used [0x00000000da400000,0x00000000da400000,0x00000000da900000)
 ParOldGen       total 44544K, used 14632K [0x0000000082c00000, 0x0000000085780000, 0x00000000d6400000)
  object space 44544K, 32% used [0x0000000082c00000,0x0000000083a4a068,0x0000000085780000)
 Metaspace       used 30985K, capacity 32420K, committed 32768K, reserved 1077248K
  class space    used 4215K, capacity 4502K, committed 4608K, reserved 1048576K
GC Heap History (10 events):
Event: 3.277 GC heap before
{Heap before GC invocations=5 (full 0):
 PSYoungGen      total 70656K, used 7404K [0x00000000d6400000, 0x00000000dae00000, 0x0000000100000000)
  eden space 65536K, 3% used [0x00000000d6400000,0x00000000d66423b0,0x00000000da400000)
  from space 5120K, 99% used [0x00000000da900000,0x00000000dadf8f20,0x00000000dae00000)
  to   space 5120K, 0% used [0x00000000da400000,0x00000000da400000,0x00000000da900000)
 ParOldGen       total 86016K, used 6661K [0x0000000082c00000, 0x0000000088000000, 0x00000000d6400000)
  object space 86016K, 7% used [0x0000000082c00000,0x0000000083281508,0x0000000088000000)
 Metaspace       used 20587K, capacity 21258K, committed 21296K, reserved 1067008K
  class space    used 2712K, capacity 2909K, committed 2944K, reserved 1048576K
Event: 3.281 GC heap after
Heap after GC invocations=5 (full 0):
 PSYoungGen      total 70656K, used 5107K [0x00000000d6400000, 0x00000000dae00000, 0x0000000100000000)
  eden space 65536K, 0% used [0x00000000d6400000,0x00000000d6400000,0x00000000da400000)
  from space 5120K, 99% used [0x00000000da400000,0x00000000da8fcf10,0x00000000da900000)
  to   space 5120K, 0% used [0x00000000da900000,0x00000000da900000,0x00000000dae00000)
 ParOldGen       total 86016K, used 6709K [0x0000000082c00000, 0x0000000088000000, 0x00000000d6400000)
  object space 86016K, 7% used [0x0000000082c00000,0x000000008328d508,0x0000000088000000)
 Metaspace       used 20587K, capacity 21258K, committed 21296K, reserved 1067008K
  class space    used 2712K, capacity 2909K, committed 2944K, reserved 1048576K
}
Event: 3.281 GC heap before
{Heap before GC invocations=6 (full 1):
 PSYoungGen      total 70656K, used 5107K [0x00000000d6400000, 0x00000000dae00000, 0x0000000100000000)
  eden space 65536K, 0% used [0x00000000d6400000,0x00000000d6400000,0x00000000da400000)
  from space 5120K, 99% used [0x00000000da400000,0x00000000da8fcf10,0x00000000da900000)
  to   space 5120K, 0% used [0x00000000da900000,0x00000000da900000,0x00000000dae00000)
 ParOldGen       total 86016K, used 6709K [0x0000000082c00000, 0x0000000088000000, 0x00000000d6400000)
  object space 86016K, 7% used [0x0000000082c00000,0x000000008328d508,0x0000000088000000)
 Metaspace       used 20587K, capacity 21258K, committed 21296K, reserved 1067008K
  class space    used 2712K, capacity 2909K, committed 2944K, reserved 1048576K
Event: 3.306 GC heap after
Heap after GC invocations=6 (full 1):
 PSYoungGen      total 70656K, used 0K [0x00000000d6400000, 0x00000000dae00000, 0x0000000100000000)
  eden space 65536K, 0% used [0x00000000d6400000,0x00000000d6400000,0x00000000da400000)
  from space 5120K, 0% used [0x00000000da400000,0x00000000da400000,0x00000000da900000)
  to   space 5120K, 0% used [0x00000000da900000,0x00000000da900000,0x00000000dae00000)
 ParOldGen       total 44544K, used 6011K [0x0000000082c00000, 0x0000000085780000, 0x00000000d6400000)
  object space 44544K, 13% used [0x0000000082c00000,0x00000000831ded38,0x0000000085780000)
 Metaspace       used 20586K, capacity 21252K, committed 21296K, reserved 1067008K
  class space    used 2712K, capacity 2908K, committed 2944K, reserved 1048576K
}
Event: 4.150 GC heap before
{Heap before GC invocations=7 (full 1):
 PSYoungGen      total 70656K, used 65536K [0x00000000d6400000, 0x00000000dae00000, 0x0000000100000000)
  eden space 65536K, 100% used [0x00000000d6400000,0x00000000da400000,0x00000000da400000)
  from space 5120K, 0% used [0x00000000da400000,0x00000000da400000,0x00000000da900000)
  to   space 5120K, 0% used [0x00000000da900000,0x00000000da900000,0x00000000dae00000)
 ParOldGen       total 44544K, used 6011K [0x0000000082c00000, 0x0000000085780000, 0x00000000d6400000)
  object space 44544K, 13% used [0x0000000082c00000,0x00000000831ded38,0x0000000085780000)
 Metaspace       used 24737K, capacity 25696K, committed 25856K, reserved 1071104K
  class space    used 3304K, capacity 3540K, committed 3584K, reserved 1048576K
Event: 4.154 GC heap after
Heap after GC invocations=7 (full 1):
 PSYoungGen      total 70656K, used 5094K [0x00000000d6400000, 0x00000000dae00000, 0x0000000100000000)
  eden space 65536K, 0% used [0x00000000d6400000,0x00000000d6400000,0x00000000da400000)
  from space 5120K, 99% used [0x00000000da900000,0x00000000dadf9b70,0x00000000dae00000)
  to   space 5120K, 0% used [0x00000000da400000,0x00000000da400000,0x00000000da900000)
 ParOldGen       total 44544K, used 6886K [0x0000000082c00000, 0x0000000085780000, 0x00000000d6400000)
  object space 44544K, 15% used [0x0000000082c00000,0x00000000832b9b50,0x0000000085780000)
 Metaspace       used 24737K, capacity 25696K, committed 25856K, reserved 1071104K
  class space    used 3304K, capacity 3540K, committed 3584K, reserved 1048576K
}
Event: 4.459 GC heap before
{Heap before GC invocations=8 (full 1):
 PSYoungGen      total 70656K, used 70630K [0x00000000d6400000, 0x00000000dae00000, 0x0000000100000000)
  eden space 65536K, 100% used [0x00000000d6400000,0x00000000da400000,0x00000000da400000)
  from space 5120K, 99% used [0x00000000da900000,0x00000000dadf9b70,0x00000000dae00000)
  to   space 5120K, 0% used [0x00000000da400000,0x00000000da400000,0x00000000da900000)
 ParOldGen       total 44544K, used 6886K [0x0000000082c00000, 0x0000000085780000, 0x00000000d6400000)
  object space 44544K, 15% used [0x0000000082c00000,0x00000000832b9b50,0x0000000085780000)
 Metaspace       used 26290K, capacity 27312K, committed 27392K, reserved 1073152K
  class space    used 3538K, capacity 3796K, committed 3840K, reserved 1048576K
Event: 4.465 GC heap after
Heap after GC invocations=8 (full 1):
 PSYoungGen      total 70656K, used 5109K [0x00000000d6400000, 0x00000000dae00000, 0x0000000100000000)
  eden space 65536K, 0% used [0x00000000d6400000,0x00000000d6400000,0x00000000da400000)
  from space 5120K, 99% used [0x00000000da400000,0x00000000da8fd5b8,0x00000000da900000)
  to   space 5120K, 0% used [0x00000000da900000,0x00000000da900000,0x00000000dae00000)
 ParOldGen       total 44544K, used 9670K [0x0000000082c00000, 0x0000000085780000, 0x00000000d6400000)
  object space 44544K, 21% used [0x0000000082c00000,0x0000000083571830,0x0000000085780000)
 Metaspace       used 26290K, capacity 27312K, committed 27392K, reserved 1073152K
  class space    used 3538K, capacity 3796K, committed 3840K, reserved 1048576K
}
Event: 4.837 GC heap before
{Heap before GC invocations=9 (full 1):
 PSYoungGen      total 70656K, used 70645K [0x00000000d6400000, 0x00000000dae00000, 0x0000000100000000)
  eden space 65536K, 100% used [0x00000000d6400000,0x00000000da400000,0x00000000da400000)
  from space 5120K, 99% used [0x00000000da400000,0x00000000da8fd5b8,0x00000000da900000)
  to   space 5120K, 0% used [0x00000000da900000,0x00000000da900000,0x00000000dae00000)
 ParOldGen       total 44544K, used 9670K [0x0000000082c00000, 0x0000000085780000, 0x00000000d6400000)
  object space 44544K, 21% used [0x0000000082c00000,0x0000000083571830,0x0000000085780000)
 Metaspace       used 29134K, capacity 30258K, committed 30336K, reserved 1075200K
  class space    used 3955K, capacity 4203K, committed 4224K, reserved 1048576K
Event: 4.852 GC heap after
Heap after GC invocations=9 (full 1):
 PSYoungGen      total 70656K, used 5088K [0x00000000d6400000, 0x00000000dae00000, 0x0000000100000000)
  eden space 65536K, 0% used [0x00000000d6400000,0x00000000d6400000,0x00000000da400000)
  from space 5120K, 99% used [0x00000000da900000,0x00000000dadf8020,0x00000000dae00000)
  to   space 5120K, 0% used [0x00000000da400000,0x00000000da400000,0x00000000da900000)
 ParOldGen       total 44544K, used 14632K [0x0000000082c00000, 0x0000000085780000, 0x00000000d6400000)
  object space 44544K, 32% used [0x0000000082c00000,0x0000000083a4a068,0x0000000085780000)
 Metaspace       used 29134K, capacity 30258K, committed 30336K, reserved 1075200K
  class space    used 3955K, capacity 4203K, committed 4224K, reserved 1048576K
}

